Determining if the pthread_create exist failed with the following output:
Change Dir: /home/cilan/Documents/projects/i-am-synthetic-cpp-sfml/cmake/CMakeFiles/CMakeTmp

Run Build Command:"/usr/bin/make" "cmTC_ae989/fast"
/usr/bin/make -f CMakeFiles/cmTC_ae989.dir/build.make CMakeFiles/cmTC_ae989.dir/build
make[1]: Entering directory '/home/cilan/Documents/projects/i-am-synthetic-cpp-sfml/cmake/CMakeFiles/CMakeTmp'
Building C object CMakeFiles/cmTC_ae989.dir/CheckSymbolExists.c.o
/usr/bin/cc    -o CMakeFiles/cmTC_ae989.dir/CheckSymbolExists.c.o   -c /home/cilan/Documents/projects/i-am-synthetic-cpp-sfml/cmake/CMakeFiles/CMakeTmp/CheckSymbolExists.c
Linking C executable cmTC_ae989
/usr/bin/cmake -E cmake_link_script CMakeFiles/cmTC_ae989.dir/link.txt --verbose=1
/usr/bin/cc      CMakeFiles/cmTC_ae989.dir/CheckSymbolExists.c.o  -o cmTC_ae989 
CMakeFiles/cmTC_ae989.dir/CheckSymbolExists.c.o: In function `main':
CheckSymbolExists.c:(.text+0x16): undefined reference to `pthread_create'
collect2: error: ld returned 1 exit status
make[1]: *** [CMakeFiles/cmTC_ae989.dir/build.make:98: cmTC_ae989] Error 1
make[1]: Leaving directory '/home/cilan/Documents/projects/i-am-synthetic-cpp-sfml/cmake/CMakeFiles/CMakeTmp'
make: *** [Makefile:126: cmTC_ae989/fast] Error 2

File /home/cilan/Documents/projects/i-am-synthetic-cpp-sfml/cmake/CMakeFiles/CMakeTmp/CheckSymbolExists.c:
/* */
#include <pthread.h>

int main(int argc, char** argv)
{
  (void)argv;
#ifndef pthread_create
  return ((int*)(&pthread_create))[argc];
#else
  (void)argc;
  return 0;
#endif
}

Determining if the function pthread_create exists in the pthreads failed with the following output:
Change Dir: /home/cilan/Documents/projects/i-am-synthetic-cpp-sfml/cmake/CMakeFiles/CMakeTmp

Run Build Command:"/usr/bin/make" "cmTC_a21b8/fast"
/usr/bin/make -f CMakeFiles/cmTC_a21b8.dir/build.make CMakeFiles/cmTC_a21b8.dir/build
make[1]: Entering directory '/home/cilan/Documents/projects/i-am-synthetic-cpp-sfml/cmake/CMakeFiles/CMakeTmp'
Building C object CMakeFiles/cmTC_a21b8.dir/CheckFunctionExists.c.o
/usr/bin/cc   -DCHECK_FUNCTION_EXISTS=pthread_create   -o CMakeFiles/cmTC_a21b8.dir/CheckFunctionExists.c.o   -c /usr/share/cmake-3.8/Modules/CheckFunctionExists.c
Linking C executable cmTC_a21b8
/usr/bin/cmake -E cmake_link_script CMakeFiles/cmTC_a21b8.dir/link.txt --verbose=1
/usr/bin/cc  -DCHECK_FUNCTION_EXISTS=pthread_create    CMakeFiles/cmTC_a21b8.dir/CheckFunctionExists.c.o  -o cmTC_a21b8 -lpthreads 
/usr/bin/ld: cannot find -lpthreads
collect2: error: ld returned 1 exit status
make[1]: *** [CMakeFiles/cmTC_a21b8.dir/build.make:98: cmTC_a21b8] Error 1
make[1]: Leaving directory '/home/cilan/Documents/projects/i-am-synthetic-cpp-sfml/cmake/CMakeFiles/CMakeTmp'
make: *** [Makefile:126: cmTC_a21b8/fast] Error 2


